========================================================================================
Report      : ERROR
Date        : Wed Jul 12 13:35:16 MST 2017
Description : c_metaBind failed for Struct <v_readerLifecyclePolicy> in scope <kernelModule>.
Node        : jormungand
Process     : java <18789>
Thread      : OSPL Kernel Manager 7fe013229700
Internals   : V6.4.140320OSS/24b1387/24b1387/sd_deserXmlStructure/sd_serializerXMLTypeinfo.c/2436/0/1499891716.881329317
========================================================================================
Report      : ERROR
Date        : Wed Jul 12 13:35:16 MST 2017
Description : Deserialize failed
Node        : jormungand
Process     : java <18789>
Thread      : OSPL Kernel Manager 7fe013229700
Internals   : V6.4.140320OSS/24b1387/24b1387/Type deserialize/sd_serializerXMLTypeinfo.c/3016/0/1499891716.881398041
========================================================================================
Report      : ERROR
Date        : Wed Jul 12 13:35:16 MST 2017
Description : Deserialization remote topic failed: (null) at <unknown>
Node        : jormungand
Process     : java <18789>
Thread      : OSPL Kernel Manager 7fe013229700
Internals   : V6.4.140320OSS/24b1387/24b1387/v_spliced/v_spliced.c/495/0/1499891716.881417806
========================================================================================
Report      : ERROR
Date        : Wed Jul 12 13:35:19 MST 2017
Description : c_metaBind failed for Struct <v_readerLifecyclePolicy> in scope <kernelModule>.
Node        : jormungand
Process     : java <18789>
Thread      : OSPL Kernel Manager 7fe013229700
Internals   : V6.4.140320OSS/24b1387/24b1387/sd_deserXmlStructure/sd_serializerXMLTypeinfo.c/2436/0/1499891719.291057586
========================================================================================
Report      : ERROR
Date        : Wed Jul 12 13:35:19 MST 2017
Description : Deserialize failed
Node        : jormungand
Process     : java <18789>
Thread      : OSPL Kernel Manager 7fe013229700
Internals   : V6.4.140320OSS/24b1387/24b1387/Type deserialize/sd_serializerXMLTypeinfo.c/3016/0/1499891719.291106544
========================================================================================
Report      : ERROR
Date        : Wed Jul 12 13:35:19 MST 2017
Description : Deserialization remote topic failed: (null) at <unknown>
Node        : jormungand
Process     : java <18789>
Thread      : OSPL Kernel Manager 7fe013229700
Internals   : V6.4.140320OSS/24b1387/24b1387/v_spliced/v_spliced.c/495/0/1499891719.291126519
========================================================================================
Report      : ERROR
Date        : Wed Jul 12 13:36:00 MST 2017
Description : c_metaBind failed for Struct <v_readerLifecyclePolicy> in scope <kernelModule>.
Node        : jormungand
Process     : java <18789>
Thread      : OSPL Kernel Manager 7fe013229700
Internals   : V6.4.140320OSS/24b1387/24b1387/sd_deserXmlStructure/sd_serializerXMLTypeinfo.c/2436/0/1499891760.097123425
========================================================================================
Report      : ERROR
Date        : Wed Jul 12 13:36:00 MST 2017
Description : Deserialize failed
Node        : jormungand
Process     : java <18789>
Thread      : OSPL Kernel Manager 7fe013229700
Internals   : V6.4.140320OSS/24b1387/24b1387/Type deserialize/sd_serializerXMLTypeinfo.c/3016/0/1499891760.097176155
========================================================================================
Report      : ERROR
Date        : Wed Jul 12 13:36:00 MST 2017
Description : Deserialization remote topic failed: (null) at <unknown>
Node        : jormungand
Process     : java <18789>
Thread      : OSPL Kernel Manager 7fe013229700
Internals   : V6.4.140320OSS/24b1387/24b1387/v_spliced/v_spliced.c/495/0/1499891760.097199552
========================================================================================
Report      : ERROR
Date        : Wed Jul 12 13:36:02 MST 2017
Description : c_metaBind failed for Struct <v_readerLifecyclePolicy> in scope <kernelModule>.
Node        : jormungand
Process     : java <18789>
Thread      : OSPL Kernel Manager 7fe013229700
Internals   : V6.4.140320OSS/24b1387/24b1387/sd_deserXmlStructure/sd_serializerXMLTypeinfo.c/2436/0/1499891762.573677083
========================================================================================
Report      : ERROR
Date        : Wed Jul 12 13:36:02 MST 2017
Description : Deserialize failed
Node        : jormungand
Process     : java <18789>
Thread      : OSPL Kernel Manager 7fe013229700
Internals   : V6.4.140320OSS/24b1387/24b1387/Type deserialize/sd_serializerXMLTypeinfo.c/3016/0/1499891762.573734772
========================================================================================
Report      : ERROR
Date        : Wed Jul 12 13:36:02 MST 2017
Description : Deserialization remote topic failed: (null) at <unknown>
Node        : jormungand
Process     : java <18789>
Thread      : OSPL Kernel Manager 7fe013229700
Internals   : V6.4.140320OSS/24b1387/24b1387/v_spliced/v_spliced.c/495/0/1499891762.573755305
========================================================================================
Report      : ERROR
Date        : Mon Jul 31 17:11:18 MST 2017
Description : c_metaBind failed for Struct <v_readerLifecyclePolicy> in scope <kernelModule>.
Node        : jormungand
Process     : java <22877>
Thread      : OSPL Kernel Manager 7f62c8329700
Internals   : V6.4.140320OSS/24b1387/24b1387/sd_deserXmlStructure/sd_serializerXMLTypeinfo.c/2436/0/1501546278.425652356
========================================================================================
Report      : ERROR
Date        : Mon Jul 31 17:11:18 MST 2017
Description : Deserialize failed
Node        : jormungand
Process     : java <22877>
Thread      : OSPL Kernel Manager 7f62c8329700
Internals   : V6.4.140320OSS/24b1387/24b1387/Type deserialize/sd_serializerXMLTypeinfo.c/3016/0/1501546278.633811413
========================================================================================
Report      : ERROR
Date        : Mon Jul 31 17:11:18 MST 2017
Description : Deserialization remote topic failed: (null) at <unknown>
Node        : jormungand
Process     : java <22877>
Thread      : OSPL Kernel Manager 7f62c8329700
Internals   : V6.4.140320OSS/24b1387/24b1387/v_spliced/v_spliced.c/495/0/1501546278.633873921
========================================================================================
Report      : ERROR
Date        : Mon Jul 31 17:11:30 MST 2017
Description : c_metaBind failed for Struct <v_readerLifecyclePolicy> in scope <kernelModule>.
Node        : jormungand
Process     : java <22877>
Thread      : OSPL Kernel Manager 7f62c8329700
Internals   : V6.4.140320OSS/24b1387/24b1387/sd_deserXmlStructure/sd_serializerXMLTypeinfo.c/2436/0/1501546290.747505876
========================================================================================
Report      : ERROR
Date        : Mon Jul 31 17:11:30 MST 2017
Description : Deserialize failed
Node        : jormungand
Process     : java <22877>
Thread      : OSPL Kernel Manager 7f62c8329700
Internals   : V6.4.140320OSS/24b1387/24b1387/Type deserialize/sd_serializerXMLTypeinfo.c/3016/0/1501546290.747555883
========================================================================================
Report      : ERROR
Date        : Mon Jul 31 17:11:30 MST 2017
Description : Deserialization remote topic failed: (null) at <unknown>
Node        : jormungand
Process     : java <22877>
Thread      : OSPL Kernel Manager 7f62c8329700
Internals   : V6.4.140320OSS/24b1387/24b1387/v_spliced/v_spliced.c/495/0/1501546290.747574949
========================================================================================
Report      : ERROR
Date        : Mon Jul 31 17:20:05 MST 2017
Description : c_metaBind failed for Struct <v_readerLifecyclePolicy> in scope <kernelModule>.
Node        : jormungand
Process     : java <23346>
Thread      : OSPL Kernel Manager 7f9a7e15e700
Internals   : V6.4.140320OSS/24b1387/24b1387/sd_deserXmlStructure/sd_serializerXMLTypeinfo.c/2436/0/1501546805.971301724
========================================================================================
Report      : ERROR
Date        : Mon Jul 31 17:20:05 MST 2017
Description : Deserialize failed
Node        : jormungand
Process     : java <23346>
Thread      : OSPL Kernel Manager 7f9a7e15e700
Internals   : V6.4.140320OSS/24b1387/24b1387/Type deserialize/sd_serializerXMLTypeinfo.c/3016/0/1501546805.971367724
========================================================================================
Report      : ERROR
Date        : Mon Jul 31 17:20:05 MST 2017
Description : Deserialization remote topic failed: (null) at <unknown>
Node        : jormungand
Process     : java <23346>
Thread      : OSPL Kernel Manager 7f9a7e15e700
Internals   : V6.4.140320OSS/24b1387/24b1387/v_spliced/v_spliced.c/495/0/1501546805.971400759
========================================================================================
Report      : ERROR
Date        : Mon Jul 31 17:20:18 MST 2017
Description : c_metaBind failed for Struct <v_readerLifecyclePolicy> in scope <kernelModule>.
Node        : jormungand
Process     : java <23346>
Thread      : OSPL Kernel Manager 7f9a7e15e700
Internals   : V6.4.140320OSS/24b1387/24b1387/sd_deserXmlStructure/sd_serializerXMLTypeinfo.c/2436/0/1501546818.294833744
========================================================================================
Report      : ERROR
Date        : Mon Jul 31 17:20:18 MST 2017
Description : Deserialize failed
Node        : jormungand
Process     : java <23346>
Thread      : OSPL Kernel Manager 7f9a7e15e700
Internals   : V6.4.140320OSS/24b1387/24b1387/Type deserialize/sd_serializerXMLTypeinfo.c/3016/0/1501546818.294890595
========================================================================================
Report      : ERROR
Date        : Mon Jul 31 17:20:18 MST 2017
Description : Deserialization remote topic failed: (null) at <unknown>
Node        : jormungand
Process     : java <23346>
Thread      : OSPL Kernel Manager 7f9a7e15e700
Internals   : V6.4.140320OSS/24b1387/24b1387/v_spliced/v_spliced.c/495/0/1501546818.294910779
========================================================================================
Report      : ERROR
Date        : Mon Jul 31 17:21:00 MST 2017
Description : c_metaBind failed for Struct <v_readerLifecyclePolicy> in scope <kernelModule>.
Node        : jormungand
Process     : java <23346>
Thread      : OSPL Kernel Manager 7f9a7e15e700
Internals   : V6.4.140320OSS/24b1387/24b1387/sd_deserXmlStructure/sd_serializerXMLTypeinfo.c/2436/0/1501546860.270071348
========================================================================================
Report      : ERROR
Date        : Mon Jul 31 17:21:00 MST 2017
Description : Deserialize failed
Node        : jormungand
Process     : java <23346>
Thread      : OSPL Kernel Manager 7f9a7e15e700
Internals   : V6.4.140320OSS/24b1387/24b1387/Type deserialize/sd_serializerXMLTypeinfo.c/3016/0/1501546860.270124846
========================================================================================
Report      : ERROR
Date        : Mon Jul 31 17:21:00 MST 2017
Description : Deserialization remote topic failed: (null) at <unknown>
Node        : jormungand
Process     : java <23346>
Thread      : OSPL Kernel Manager 7f9a7e15e700
Internals   : V6.4.140320OSS/24b1387/24b1387/v_spliced/v_spliced.c/495/0/1501546860.270146777
========================================================================================
Report      : ERROR
Date        : Mon Jul 31 17:21:12 MST 2017
Description : c_metaBind failed for Struct <v_readerLifecyclePolicy> in scope <kernelModule>.
Node        : jormungand
Process     : java <23346>
Thread      : OSPL Kernel Manager 7f9a7e15e700
Internals   : V6.4.140320OSS/24b1387/24b1387/sd_deserXmlStructure/sd_serializerXMLTypeinfo.c/2436/0/1501546872.632807317
========================================================================================
Report      : ERROR
Date        : Mon Jul 31 17:21:12 MST 2017
Description : Deserialize failed
Node        : jormungand
Process     : java <23346>
Thread      : OSPL Kernel Manager 7f9a7e15e700
Internals   : V6.4.140320OSS/24b1387/24b1387/Type deserialize/sd_serializerXMLTypeinfo.c/3016/0/1501546872.632899438
========================================================================================
Report      : ERROR
Date        : Mon Jul 31 17:21:12 MST 2017
Description : Deserialization remote topic failed: (null) at <unknown>
Node        : jormungand
Process     : java <23346>
Thread      : OSPL Kernel Manager 7f9a7e15e700
Internals   : V6.4.140320OSS/24b1387/24b1387/v_spliced/v_spliced.c/495/0/1501546872.632931705
========================================================================================
Report      : ERROR
Date        : Mon Jul 31 17:21:32 MST 2017
Description : c_metaBind failed for Struct <v_readerLifecyclePolicy> in scope <kernelModule>.
Node        : jormungand
Process     : java <23346>
Thread      : OSPL Kernel Manager 7f9a7e15e700
Internals   : V6.4.140320OSS/24b1387/24b1387/sd_deserXmlStructure/sd_serializerXMLTypeinfo.c/2436/0/1501546892.052861073
========================================================================================
Report      : ERROR
Date        : Mon Jul 31 17:21:32 MST 2017
Description : Deserialize failed
Node        : jormungand
Process     : java <23346>
Thread      : OSPL Kernel Manager 7f9a7e15e700
Internals   : V6.4.140320OSS/24b1387/24b1387/Type deserialize/sd_serializerXMLTypeinfo.c/3016/0/1501546892.052915689
========================================================================================
Report      : ERROR
Date        : Mon Jul 31 17:21:32 MST 2017
Description : Deserialization remote topic failed: (null) at <unknown>
Node        : jormungand
Process     : java <23346>
Thread      : OSPL Kernel Manager 7f9a7e15e700
Internals   : V6.4.140320OSS/24b1387/24b1387/v_spliced/v_spliced.c/495/0/1501546892.052938108
========================================================================================
Report      : ERROR
Date        : Thu Aug 03 16:54:21 MST 2017
Description : c_metaBind failed for Struct <v_readerLifecyclePolicy> in scope <kernelModule>.
Node        : jormungand
Process     : java <3004>
Thread      : OSPL Kernel Manager 7effd5376700
Internals   : V6.4.140320OSS/24b1387/24b1387/sd_deserXmlStructure/sd_serializerXMLTypeinfo.c/2436/0/1501804461.091212279
========================================================================================
Report      : ERROR
Date        : Thu Aug 03 16:54:21 MST 2017
Description : Deserialize failed
Node        : jormungand
Process     : java <3004>
Thread      : OSPL Kernel Manager 7effd5376700
Internals   : V6.4.140320OSS/24b1387/24b1387/Type deserialize/sd_serializerXMLTypeinfo.c/3016/0/1501804461.091320603
========================================================================================
Report      : ERROR
Date        : Thu Aug 03 16:54:21 MST 2017
Description : Deserialization remote topic failed: (null) at <unknown>
Node        : jormungand
Process     : java <3004>
Thread      : OSPL Kernel Manager 7effd5376700
Internals   : V6.4.140320OSS/24b1387/24b1387/v_spliced/v_spliced.c/495/0/1501804461.091344698
========================================================================================
Report      : ERROR
Date        : Thu Aug 03 16:54:34 MST 2017
Description : c_metaBind failed for Struct <v_readerLifecyclePolicy> in scope <kernelModule>.
Node        : jormungand
Process     : java <3004>
Thread      : OSPL Kernel Manager 7effd5376700
Internals   : V6.4.140320OSS/24b1387/24b1387/sd_deserXmlStructure/sd_serializerXMLTypeinfo.c/2436/0/1501804474.991376565
========================================================================================
Report      : ERROR
Date        : Thu Aug 03 16:54:34 MST 2017
Description : Deserialize failed
Node        : jormungand
Process     : java <3004>
Thread      : OSPL Kernel Manager 7effd5376700
Internals   : V6.4.140320OSS/24b1387/24b1387/Type deserialize/sd_serializerXMLTypeinfo.c/3016/0/1501804474.991492502
========================================================================================
Report      : ERROR
Date        : Thu Aug 03 16:54:34 MST 2017
Description : Deserialization remote topic failed: (null) at <unknown>
Node        : jormungand
Process     : java <3004>
Thread      : OSPL Kernel Manager 7effd5376700
Internals   : V6.4.140320OSS/24b1387/24b1387/v_spliced/v_spliced.c/495/0/1501804474.991518972
========================================================================================
Report      : ERROR
Date        : Thu Aug 03 16:55:18 MST 2017
Description : c_metaBind failed for Struct <v_readerLifecyclePolicy> in scope <kernelModule>.
Node        : jormungand
Process     : java <3222>
Thread      : OSPL Kernel Manager 7f8e0010d700
Internals   : V6.4.140320OSS/24b1387/24b1387/sd_deserXmlStructure/sd_serializerXMLTypeinfo.c/2436/0/1501804518.968521490
========================================================================================
Report      : ERROR
Date        : Thu Aug 03 16:55:18 MST 2017
Description : Deserialize failed
Node        : jormungand
Process     : java <3222>
Thread      : OSPL Kernel Manager 7f8e0010d700
Internals   : V6.4.140320OSS/24b1387/24b1387/Type deserialize/sd_serializerXMLTypeinfo.c/3016/0/1501804518.968592728
========================================================================================
Report      : ERROR
Date        : Thu Aug 03 16:55:18 MST 2017
Description : Deserialization remote topic failed: (null) at <unknown>
Node        : jormungand
Process     : java <3222>
Thread      : OSPL Kernel Manager 7f8e0010d700
Internals   : V6.4.140320OSS/24b1387/24b1387/v_spliced/v_spliced.c/495/0/1501804518.968615007
========================================================================================
Report      : ERROR
Date        : Thu Aug 03 16:55:24 MST 2017
Description : c_metaBind failed for Struct <v_readerLifecyclePolicy> in scope <kernelModule>.
Node        : jormungand
Process     : java <3222>
Thread      : OSPL Kernel Manager 7f8e0010d700
Internals   : V6.4.140320OSS/24b1387/24b1387/sd_deserXmlStructure/sd_serializerXMLTypeinfo.c/2436/0/1501804524.335496238
========================================================================================
Report      : ERROR
Date        : Thu Aug 03 16:55:24 MST 2017
Description : Deserialize failed
Node        : jormungand
Process     : java <3222>
Thread      : OSPL Kernel Manager 7f8e0010d700
Internals   : V6.4.140320OSS/24b1387/24b1387/Type deserialize/sd_serializerXMLTypeinfo.c/3016/0/1501804524.335547362
========================================================================================
Report      : ERROR
Date        : Thu Aug 03 16:55:24 MST 2017
Description : Deserialization remote topic failed: (null) at <unknown>
Node        : jormungand
Process     : java <3222>
Thread      : OSPL Kernel Manager 7f8e0010d700
Internals   : V6.4.140320OSS/24b1387/24b1387/v_spliced/v_spliced.c/495/0/1501804524.335569711
========================================================================================
Report      : ERROR
Date        : Thu Aug 03 16:58:29 MST 2017
Description : c_metaBind failed for Struct <v_readerLifecyclePolicy> in scope <kernelModule>.
Node        : jormungand
Process     : java <3563>
Thread      : OSPL Kernel Manager 7f7124a9f700
Internals   : V6.4.140320OSS/24b1387/24b1387/sd_deserXmlStructure/sd_serializerXMLTypeinfo.c/2436/0/1501804709.752993426
========================================================================================
Report      : ERROR
Date        : Thu Aug 03 16:58:29 MST 2017
Description : Deserialize failed
Node        : jormungand
Process     : java <3563>
Thread      : OSPL Kernel Manager 7f7124a9f700
Internals   : V6.4.140320OSS/24b1387/24b1387/Type deserialize/sd_serializerXMLTypeinfo.c/3016/0/1501804709.753042804
========================================================================================
Report      : ERROR
Date        : Thu Aug 03 16:58:29 MST 2017
Description : Deserialization remote topic failed: (null) at <unknown>
Node        : jormungand
Process     : java <3563>
Thread      : OSPL Kernel Manager 7f7124a9f700
Internals   : V6.4.140320OSS/24b1387/24b1387/v_spliced/v_spliced.c/495/0/1501804709.753060753
========================================================================================
Report      : ERROR
Date        : Thu Aug 03 16:58:34 MST 2017
Description : c_metaBind failed for Struct <v_readerLifecyclePolicy> in scope <kernelModule>.
Node        : jormungand
Process     : java <3563>
Thread      : OSPL Kernel Manager 7f7124a9f700
Internals   : V6.4.140320OSS/24b1387/24b1387/sd_deserXmlStructure/sd_serializerXMLTypeinfo.c/2436/0/1501804714.515336120
========================================================================================
Report      : ERROR
Date        : Thu Aug 03 16:58:34 MST 2017
Description : Deserialize failed
Node        : jormungand
Process     : java <3563>
Thread      : OSPL Kernel Manager 7f7124a9f700
Internals   : V6.4.140320OSS/24b1387/24b1387/Type deserialize/sd_serializerXMLTypeinfo.c/3016/0/1501804714.515425168
========================================================================================
Report      : ERROR
Date        : Thu Aug 03 16:58:34 MST 2017
Description : Deserialization remote topic failed: (null) at <unknown>
Node        : jormungand
Process     : java <3563>
Thread      : OSPL Kernel Manager 7f7124a9f700
Internals   : V6.4.140320OSS/24b1387/24b1387/v_spliced/v_spliced.c/495/0/1501804714.515463231
========================================================================================
Report      : ERROR
Date        : Thu Aug 03 16:58:39 MST 2017
Description : c_metaBind failed for Struct <v_readerLifecyclePolicy> in scope <kernelModule>.
Node        : jormungand
Process     : java <3563>
Thread      : OSPL Kernel Manager 7f7124a9f700
Internals   : V6.4.140320OSS/24b1387/24b1387/sd_deserXmlStructure/sd_serializerXMLTypeinfo.c/2436/0/1501804719.757599441
========================================================================================
Report      : ERROR
Date        : Thu Aug 03 16:58:39 MST 2017
Description : Deserialize failed
Node        : jormungand
Process     : java <3563>
Thread      : OSPL Kernel Manager 7f7124a9f700
Internals   : V6.4.140320OSS/24b1387/24b1387/Type deserialize/sd_serializerXMLTypeinfo.c/3016/0/1501804719.757653009
========================================================================================
Report      : ERROR
Date        : Thu Aug 03 16:58:39 MST 2017
Description : Deserialization remote topic failed: (null) at <unknown>
Node        : jormungand
Process     : java <3563>
Thread      : OSPL Kernel Manager 7f7124a9f700
Internals   : V6.4.140320OSS/24b1387/24b1387/v_spliced/v_spliced.c/495/0/1501804719.757674451
========================================================================================
Report      : ERROR
Date        : Thu Aug 03 17:00:24 MST 2017
Description : c_metaBind failed for Struct <v_readerLifecyclePolicy> in scope <kernelModule>.
Node        : jormungand
Process     : java <3891>
Thread      : OSPL Kernel Manager 7fdd0cf76700
Internals   : V6.4.140320OSS/24b1387/24b1387/sd_deserXmlStructure/sd_serializerXMLTypeinfo.c/2436/0/1501804824.281040925
========================================================================================
Report      : ERROR
Date        : Thu Aug 03 17:00:24 MST 2017
Description : Deserialize failed
Node        : jormungand
Process     : java <3891>
Thread      : OSPL Kernel Manager 7fdd0cf76700
Internals   : V6.4.140320OSS/24b1387/24b1387/Type deserialize/sd_serializerXMLTypeinfo.c/3016/0/1501804824.281108811
========================================================================================
Report      : ERROR
Date        : Thu Aug 03 17:00:24 MST 2017
Description : Deserialization remote topic failed: (null) at <unknown>
Node        : jormungand
Process     : java <3891>
Thread      : OSPL Kernel Manager 7fdd0cf76700
Internals   : V6.4.140320OSS/24b1387/24b1387/v_spliced/v_spliced.c/495/0/1501804824.281132348
========================================================================================
Report      : ERROR
Date        : Thu Aug 03 17:00:31 MST 2017
Description : handleSubscriptions: participant not found, presumably already been deleted

Node        : jormungand
Process     : java <3891>
Thread      : ddsi2 7fdd0c791700
Internals   : V6.4.140320OSS/24b1387/24b1387/ddsi2/q_main.c/1391/0/1501804831.426162146
========================================================================================
Report      : ERROR
Date        : Thu Aug 03 17:03:23 MST 2017
Description : c_metaBind failed for Struct <v_readerLifecyclePolicy> in scope <kernelModule>.
Node        : jormungand
Process     : java <4438>
Thread      : OSPL Kernel Manager 7f75744c2700
Internals   : V6.4.140320OSS/24b1387/24b1387/sd_deserXmlStructure/sd_serializerXMLTypeinfo.c/2436/0/1501805003.972032270
========================================================================================
Report      : ERROR
Date        : Thu Aug 03 17:03:23 MST 2017
Description : Deserialize failed
Node        : jormungand
Process     : java <4438>
Thread      : OSPL Kernel Manager 7f75744c2700
Internals   : V6.4.140320OSS/24b1387/24b1387/Type deserialize/sd_serializerXMLTypeinfo.c/3016/0/1501805003.972108118
========================================================================================
Report      : ERROR
Date        : Thu Aug 03 17:03:23 MST 2017
Description : Deserialization remote topic failed: (null) at <unknown>
Node        : jormungand
Process     : java <4438>
Thread      : OSPL Kernel Manager 7f75744c2700
Internals   : V6.4.140320OSS/24b1387/24b1387/v_spliced/v_spliced.c/495/0/1501805003.972129769
========================================================================================
Report      : ERROR
Date        : Thu Aug 03 17:03:24 MST 2017
Description : c_metaBind failed for Struct <v_readerLifecyclePolicy> in scope <kernelModule>.
Node        : jormungand
Process     : java <4438>
Thread      : OSPL Kernel Manager 7f75744c2700
Internals   : V6.4.140320OSS/24b1387/24b1387/sd_deserXmlStructure/sd_serializerXMLTypeinfo.c/2436/0/1501805004.656439073
========================================================================================
Report      : ERROR
Date        : Thu Aug 03 17:03:24 MST 2017
Description : Deserialize failed
Node        : jormungand
Process     : java <4438>
Thread      : OSPL Kernel Manager 7f75744c2700
Internals   : V6.4.140320OSS/24b1387/24b1387/Type deserialize/sd_serializerXMLTypeinfo.c/3016/0/1501805004.656503746
========================================================================================
Report      : ERROR
Date        : Thu Aug 03 17:03:24 MST 2017
Description : Deserialization remote topic failed: (null) at <unknown>
Node        : jormungand
Process     : java <4438>
Thread      : OSPL Kernel Manager 7f75744c2700
Internals   : V6.4.140320OSS/24b1387/24b1387/v_spliced/v_spliced.c/495/0/1501805004.656525955
========================================================================================
Report      : ERROR
Date        : Thu Aug 03 17:03:51 MST 2017
Description : c_metaBind failed for Struct <v_readerLifecyclePolicy> in scope <kernelModule>.
Node        : jormungand
Process     : java <4438>
Thread      : OSPL Kernel Manager 7f75744c2700
Internals   : V6.4.140320OSS/24b1387/24b1387/sd_deserXmlStructure/sd_serializerXMLTypeinfo.c/2436/0/1501805031.495882259
========================================================================================
Report      : ERROR
Date        : Thu Aug 03 17:03:51 MST 2017
Description : Deserialize failed
Node        : jormungand
Process     : java <4438>
Thread      : OSPL Kernel Manager 7f75744c2700
Internals   : V6.4.140320OSS/24b1387/24b1387/Type deserialize/sd_serializerXMLTypeinfo.c/3016/0/1501805031.495933383
========================================================================================
Report      : ERROR
Date        : Thu Aug 03 17:03:51 MST 2017
Description : Deserialization remote topic failed: (null) at <unknown>
Node        : jormungand
Process     : java <4438>
Thread      : OSPL Kernel Manager 7f75744c2700
Internals   : V6.4.140320OSS/24b1387/24b1387/v_spliced/v_spliced.c/495/0/1501805031.495953008
========================================================================================
Report      : ERROR
Date        : Thu Aug 03 17:05:11 MST 2017
Description : c_metaBind failed for Struct <v_readerLifecyclePolicy> in scope <kernelModule>.
Node        : jormungand
Process     : java <4655>
Thread      : OSPL Kernel Manager 7f9bd2fc8700
Internals   : V6.4.140320OSS/24b1387/24b1387/sd_deserXmlStructure/sd_serializerXMLTypeinfo.c/2436/0/1501805111.008825145
========================================================================================
Report      : ERROR
Date        : Thu Aug 03 17:05:11 MST 2017
Description : Deserialize failed
Node        : jormungand
Process     : java <4655>
Thread      : OSPL Kernel Manager 7f9bd2fc8700
Internals   : V6.4.140320OSS/24b1387/24b1387/Type deserialize/sd_serializerXMLTypeinfo.c/3016/0/1501805111.008890936
========================================================================================
Report      : ERROR
Date        : Thu Aug 03 17:05:11 MST 2017
Description : Deserialization remote topic failed: (null) at <unknown>
Node        : jormungand
Process     : java <4655>
Thread      : OSPL Kernel Manager 7f9bd2fc8700
Internals   : V6.4.140320OSS/24b1387/24b1387/v_spliced/v_spliced.c/495/0/1501805111.008916707
========================================================================================
Report      : ERROR
Date        : Thu Aug 03 17:05:15 MST 2017
Description : c_metaBind failed for Struct <v_readerLifecyclePolicy> in scope <kernelModule>.
Node        : jormungand
Process     : java <4655>
Thread      : OSPL Kernel Manager 7f9bd2fc8700
Internals   : V6.4.140320OSS/24b1387/24b1387/sd_deserXmlStructure/sd_serializerXMLTypeinfo.c/2436/0/1501805115.704214420
========================================================================================
Report      : ERROR
Date        : Thu Aug 03 17:05:15 MST 2017
Description : Deserialize failed
Node        : jormungand
Process     : java <4655>
Thread      : OSPL Kernel Manager 7f9bd2fc8700
Internals   : V6.4.140320OSS/24b1387/24b1387/Type deserialize/sd_serializerXMLTypeinfo.c/3016/0/1501805115.704313734
========================================================================================
Report      : ERROR
Date        : Thu Aug 03 17:05:15 MST 2017
Description : Deserialization remote topic failed: (null) at <unknown>
Node        : jormungand
Process     : java <4655>
Thread      : OSPL Kernel Manager 7f9bd2fc8700
Internals   : V6.4.140320OSS/24b1387/24b1387/v_spliced/v_spliced.c/495/0/1501805115.704335944
========================================================================================
Report      : ERROR
Date        : Fri Aug 04 10:38:15 MST 2017
Description : c_metaBind failed for Struct <v_readerLifecyclePolicy> in scope <kernelModule>.
Node        : jormungand
Process     : java <19252>
Thread      : OSPL Kernel Manager 7fe64c7e9700
Internals   : V6.4.140320OSS/24b1387/24b1387/sd_deserXmlStructure/sd_serializerXMLTypeinfo.c/2436/0/1501868295.426568439
========================================================================================
Report      : ERROR
Date        : Fri Aug 04 10:38:15 MST 2017
Description : Deserialize failed
Node        : jormungand
Process     : java <19252>
Thread      : OSPL Kernel Manager 7fe64c7e9700
Internals   : V6.4.140320OSS/24b1387/24b1387/Type deserialize/sd_serializerXMLTypeinfo.c/3016/0/1501868295.426627735
========================================================================================
Report      : ERROR
Date        : Fri Aug 04 10:38:15 MST 2017
Description : Deserialization remote topic failed: (null) at <unknown>
Node        : jormungand
Process     : java <19252>
Thread      : OSPL Kernel Manager 7fe64c7e9700
Internals   : V6.4.140320OSS/24b1387/24b1387/v_spliced/v_spliced.c/495/0/1501868295.426648687
========================================================================================
Report      : ERROR
Date        : Fri Aug 04 10:38:36 MST 2017
Description : c_metaBind failed for Struct <v_readerLifecyclePolicy> in scope <kernelModule>.
Node        : jormungand
Process     : java <19252>
Thread      : OSPL Kernel Manager 7fe64c7e9700
Internals   : V6.4.140320OSS/24b1387/24b1387/sd_deserXmlStructure/sd_serializerXMLTypeinfo.c/2436/0/1501868316.786996407
========================================================================================
Report      : ERROR
Date        : Fri Aug 04 10:38:36 MST 2017
Description : Deserialize failed
Node        : jormungand
Process     : java <19252>
Thread      : OSPL Kernel Manager 7fe64c7e9700
Internals   : V6.4.140320OSS/24b1387/24b1387/Type deserialize/sd_serializerXMLTypeinfo.c/3016/0/1501868316.787064014
========================================================================================
Report      : ERROR
Date        : Fri Aug 04 10:38:36 MST 2017
Description : Deserialization remote topic failed: (null) at <unknown>
Node        : jormungand
Process     : java <19252>
Thread      : OSPL Kernel Manager 7fe64c7e9700
Internals   : V6.4.140320OSS/24b1387/24b1387/v_spliced/v_spliced.c/495/0/1501868316.787086153
========================================================================================
Report      : ERROR
Date        : Fri Aug 04 10:39:19 MST 2017
Description : c_metaBind failed for Struct <v_readerLifecyclePolicy> in scope <kernelModule>.
Node        : jormungand
Process     : java <19448>
Thread      : OSPL Kernel Manager 7f3751538700
Internals   : V6.4.140320OSS/24b1387/24b1387/sd_deserXmlStructure/sd_serializerXMLTypeinfo.c/2436/0/1501868359.484284624
========================================================================================
Report      : ERROR
Date        : Fri Aug 04 10:39:19 MST 2017
Description : Deserialize failed
Node        : jormungand
Process     : java <19448>
Thread      : OSPL Kernel Manager 7f3751538700
Internals   : V6.4.140320OSS/24b1387/24b1387/Type deserialize/sd_serializerXMLTypeinfo.c/3016/0/1501868359.484400072
========================================================================================
Report      : ERROR
Date        : Fri Aug 04 10:39:19 MST 2017
Description : Deserialization remote topic failed: (null) at <unknown>
Node        : jormungand
Process     : java <19448>
Thread      : OSPL Kernel Manager 7f3751538700
Internals   : V6.4.140320OSS/24b1387/24b1387/v_spliced/v_spliced.c/495/0/1501868359.484424168
========================================================================================
Report      : ERROR
Date        : Fri Aug 04 10:40:07 MST 2017
Description : c_metaBind failed for Struct <v_readerLifecyclePolicy> in scope <kernelModule>.
Node        : jormungand
Process     : java <19448>
Thread      : OSPL Kernel Manager 7f3751538700
Internals   : V6.4.140320OSS/24b1387/24b1387/sd_deserXmlStructure/sd_serializerXMLTypeinfo.c/2436/0/1501868407.386519584
========================================================================================
Report      : ERROR
Date        : Fri Aug 04 10:40:07 MST 2017
Description : Deserialize failed
Node        : jormungand
Process     : java <19448>
Thread      : OSPL Kernel Manager 7f3751538700
Internals   : V6.4.140320OSS/24b1387/24b1387/Type deserialize/sd_serializerXMLTypeinfo.c/3016/0/1501868407.386574758
========================================================================================
Report      : ERROR
Date        : Fri Aug 04 10:40:07 MST 2017
Description : Deserialization remote topic failed: (null) at <unknown>
Node        : jormungand
Process     : java <19448>
Thread      : OSPL Kernel Manager 7f3751538700
Internals   : V6.4.140320OSS/24b1387/24b1387/v_spliced/v_spliced.c/495/0/1501868407.386595641
========================================================================================
Report      : ERROR
Date        : Fri Aug 04 10:41:32 MST 2017
Description : c_metaBind failed for Struct <v_readerLifecyclePolicy> in scope <kernelModule>.
Node        : jormungand
Process     : java <19685>
Thread      : OSPL Kernel Manager 7fa09aa67700
Internals   : V6.4.140320OSS/24b1387/24b1387/sd_deserXmlStructure/sd_serializerXMLTypeinfo.c/2436/0/1501868492.518628701
========================================================================================
Report      : ERROR
Date        : Fri Aug 04 10:41:32 MST 2017
Description : Deserialize failed
Node        : jormungand
Process     : java <19685>
Thread      : OSPL Kernel Manager 7fa09aa67700
Internals   : V6.4.140320OSS/24b1387/24b1387/Type deserialize/sd_serializerXMLTypeinfo.c/3016/0/1501868492.518732415
========================================================================================
Report      : ERROR
Date        : Fri Aug 04 10:41:32 MST 2017
Description : Deserialization remote topic failed: (null) at <unknown>
Node        : jormungand
Process     : java <19685>
Thread      : OSPL Kernel Manager 7fa09aa67700
Internals   : V6.4.140320OSS/24b1387/24b1387/v_spliced/v_spliced.c/495/0/1501868492.518770828
========================================================================================
Report      : ERROR
Date        : Fri Aug 04 10:42:26 MST 2017
Description : c_metaBind failed for Struct <v_readerLifecyclePolicy> in scope <kernelModule>.
Node        : jormungand
Process     : java <19252>
Thread      : OSPL Kernel Manager 7fe64c7e9700
Internals   : V6.4.140320OSS/24b1387/24b1387/sd_deserXmlStructure/sd_serializerXMLTypeinfo.c/2436/0/1501868546.212977332
========================================================================================
Report      : ERROR
Date        : Fri Aug 04 10:42:26 MST 2017
Description : Deserialize failed
Node        : jormungand
Process     : java <19252>
Thread      : OSPL Kernel Manager 7fe64c7e9700
Internals   : V6.4.140320OSS/24b1387/24b1387/Type deserialize/sd_serializerXMLTypeinfo.c/3016/0/1501868546.213032297
========================================================================================
Report      : ERROR
Date        : Fri Aug 04 10:42:26 MST 2017
Description : Deserialization remote topic failed: (null) at <unknown>
Node        : jormungand
Process     : java <19252>
Thread      : OSPL Kernel Manager 7fe64c7e9700
Internals   : V6.4.140320OSS/24b1387/24b1387/v_spliced/v_spliced.c/495/0/1501868546.213053040
========================================================================================
Report      : ERROR
Date        : Fri Aug 04 10:42:26 MST 2017
Description : c_metaBind failed for Struct <v_readerLifecyclePolicy> in scope <kernelModule>.
Node        : jormungand
Process     : java <19448>
Thread      : OSPL Kernel Manager 7f3751538700
Internals   : V6.4.140320OSS/24b1387/24b1387/sd_deserXmlStructure/sd_serializerXMLTypeinfo.c/2436/0/1501868546.256405655
========================================================================================
Report      : ERROR
Date        : Fri Aug 04 10:42:26 MST 2017
Description : Deserialize failed
Node        : jormungand
Process     : java <19448>
Thread      : OSPL Kernel Manager 7f3751538700
Internals   : V6.4.140320OSS/24b1387/24b1387/Type deserialize/sd_serializerXMLTypeinfo.c/3016/0/1501868546.256465509
========================================================================================
Report      : ERROR
Date        : Fri Aug 04 10:42:26 MST 2017
Description : Deserialization remote topic failed: (null) at <unknown>
Node        : jormungand
Process     : java <19448>
Thread      : OSPL Kernel Manager 7f3751538700
Internals   : V6.4.140320OSS/24b1387/24b1387/v_spliced/v_spliced.c/495/0/1501868546.256487439
========================================================================================
Report      : ERROR
Date        : Fri Aug 04 10:43:45 MST 2017
Description : c_metaBind failed for Struct <v_readerLifecyclePolicy> in scope <kernelModule>.
Node        : jormungand
Process     : java <19252>
Thread      : OSPL Kernel Manager 7fe64c7e9700
Internals   : V6.4.140320OSS/24b1387/24b1387/sd_deserXmlStructure/sd_serializerXMLTypeinfo.c/2436/0/1501868625.470875198
========================================================================================
Report      : ERROR
Date        : Fri Aug 04 10:43:45 MST 2017
Description : Deserialize failed
Node        : jormungand
Process     : java <19252>
Thread      : OSPL Kernel Manager 7fe64c7e9700
Internals   : V6.4.140320OSS/24b1387/24b1387/Type deserialize/sd_serializerXMLTypeinfo.c/3016/0/1501868625.470932957
========================================================================================
Report      : ERROR
Date        : Fri Aug 04 10:43:45 MST 2017
Description : Deserialization remote topic failed: (null) at <unknown>
Node        : jormungand
Process     : java <19252>
Thread      : OSPL Kernel Manager 7fe64c7e9700
Internals   : V6.4.140320OSS/24b1387/24b1387/v_spliced/v_spliced.c/495/0/1501868625.470964386
========================================================================================
Report      : ERROR
Date        : Fri Aug 04 10:44:44 MST 2017
Description : c_metaBind failed for Struct <v_readerLifecyclePolicy> in scope <kernelModule>.
Node        : jormungand
Process     : java <19929>
Thread      : OSPL Kernel Manager 7f095b0d8700
Internals   : V6.4.140320OSS/24b1387/24b1387/sd_deserXmlStructure/sd_serializerXMLTypeinfo.c/2436/0/1501868684.907039085
========================================================================================
Report      : ERROR
Date        : Fri Aug 04 10:44:44 MST 2017
Description : Deserialize failed
Node        : jormungand
Process     : java <19929>
Thread      : OSPL Kernel Manager 7f095b0d8700
Internals   : V6.4.140320OSS/24b1387/24b1387/Type deserialize/sd_serializerXMLTypeinfo.c/3016/0/1501868684.907139098
========================================================================================
Report      : ERROR
Date        : Fri Aug 04 10:44:44 MST 2017
Description : Deserialization remote topic failed: (null) at <unknown>
Node        : jormungand
Process     : java <19929>
Thread      : OSPL Kernel Manager 7f095b0d8700
Internals   : V6.4.140320OSS/24b1387/24b1387/v_spliced/v_spliced.c/495/0/1501868684.907163543
========================================================================================
Report      : ERROR
Date        : Fri Aug 04 10:46:03 MST 2017
Description : c_metaBind failed for Struct <v_readerLifecyclePolicy> in scope <kernelModule>.
Node        : jormungand
Process     : java <20064>
Thread      : OSPL Kernel Manager 7fae8bbfe700
Internals   : V6.4.140320OSS/24b1387/24b1387/sd_deserXmlStructure/sd_serializerXMLTypeinfo.c/2436/0/1501868763.368961542
========================================================================================
Report      : ERROR
Date        : Fri Aug 04 10:46:03 MST 2017
Description : Deserialize failed
Node        : jormungand
Process     : java <20064>
Thread      : OSPL Kernel Manager 7fae8bbfe700
Internals   : V6.4.140320OSS/24b1387/24b1387/Type deserialize/sd_serializerXMLTypeinfo.c/3016/0/1501868763.369064349
========================================================================================
Report      : ERROR
Date        : Fri Aug 04 10:46:03 MST 2017
Description : Deserialization remote topic failed: (null) at <unknown>
Node        : jormungand
Process     : java <20064>
Thread      : OSPL Kernel Manager 7fae8bbfe700
Internals   : V6.4.140320OSS/24b1387/24b1387/v_spliced/v_spliced.c/495/0/1501868763.369090050
========================================================================================
Report      : ERROR
Date        : Fri Aug 04 10:49:18 MST 2017
Description : c_metaBind failed for Struct <v_readerLifecyclePolicy> in scope <kernelModule>.
Node        : jormungand
Process     : java <20317>
Thread      : OSPL Kernel Manager 7f6f95670700
Internals   : V6.4.140320OSS/24b1387/24b1387/sd_deserXmlStructure/sd_serializerXMLTypeinfo.c/2436/0/1501868958.292633259
========================================================================================
Report      : ERROR
Date        : Fri Aug 04 10:49:18 MST 2017
Description : Deserialize failed
Node        : jormungand
Process     : java <20317>
Thread      : OSPL Kernel Manager 7f6f95670700
Internals   : V6.4.140320OSS/24b1387/24b1387/Type deserialize/sd_serializerXMLTypeinfo.c/3016/0/1501868958.292737323
========================================================================================
Report      : ERROR
Date        : Fri Aug 04 10:49:18 MST 2017
Description : Deserialization remote topic failed: (null) at <unknown>
Node        : jormungand
Process     : java <20317>
Thread      : OSPL Kernel Manager 7f6f95670700
Internals   : V6.4.140320OSS/24b1387/24b1387/v_spliced/v_spliced.c/495/0/1501868958.292761278
========================================================================================
Report      : ERROR
Date        : Fri Aug 04 10:52:21 MST 2017
Description : c_metaBind failed for Struct <v_readerLifecyclePolicy> in scope <kernelModule>.
Node        : jormungand
Process     : java <20762>
Thread      : OSPL Kernel Manager 7fe581759700
Internals   : V6.4.140320OSS/24b1387/24b1387/sd_deserXmlStructure/sd_serializerXMLTypeinfo.c/2436/0/1501869141.910406197
========================================================================================
Report      : ERROR
Date        : Fri Aug 04 10:52:21 MST 2017
Description : Deserialize failed
Node        : jormungand
Process     : java <20762>
Thread      : OSPL Kernel Manager 7fe581759700
Internals   : V6.4.140320OSS/24b1387/24b1387/Type deserialize/sd_serializerXMLTypeinfo.c/3016/0/1501869141.910540851
========================================================================================
Report      : ERROR
Date        : Fri Aug 04 10:52:21 MST 2017
Description : Deserialization remote topic failed: (null) at <unknown>
Node        : jormungand
Process     : java <20762>
Thread      : OSPL Kernel Manager 7fe581759700
Internals   : V6.4.140320OSS/24b1387/24b1387/v_spliced/v_spliced.c/495/0/1501869141.910571721
========================================================================================
Report      : ERROR
Date        : Fri Aug 04 10:53:08 MST 2017
Description : c_metaBind failed for Struct <v_readerLifecyclePolicy> in scope <kernelModule>.
Node        : jormungand
Process     : java <20951>
Thread      : OSPL Kernel Manager 7f91097ac700
Internals   : V6.4.140320OSS/24b1387/24b1387/sd_deserXmlStructure/sd_serializerXMLTypeinfo.c/2436/0/1501869188.082519640
========================================================================================
Report      : ERROR
Date        : Fri Aug 04 10:53:08 MST 2017
Description : Deserialize failed
Node        : jormungand
Process     : java <20951>
Thread      : OSPL Kernel Manager 7f91097ac700
Internals   : V6.4.140320OSS/24b1387/24b1387/Type deserialize/sd_serializerXMLTypeinfo.c/3016/0/1501869188.082612739
========================================================================================
Report      : ERROR
Date        : Fri Aug 04 10:53:08 MST 2017
Description : Deserialization remote topic failed: (null) at <unknown>
Node        : jormungand
Process     : java <20951>
Thread      : OSPL Kernel Manager 7f91097ac700
Internals   : V6.4.140320OSS/24b1387/24b1387/v_spliced/v_spliced.c/495/0/1501869188.082635717
========================================================================================
Report      : ERROR
Date        : Fri Aug 04 10:55:03 MST 2017
Description : c_metaBind failed for Struct <v_readerLifecyclePolicy> in scope <kernelModule>.
Node        : jormungand
Process     : java <20951>
Thread      : OSPL Kernel Manager 7f91097ac700
Internals   : V6.4.140320OSS/24b1387/24b1387/sd_deserXmlStructure/sd_serializerXMLTypeinfo.c/2436/0/1501869303.427830603
========================================================================================
Report      : ERROR
Date        : Fri Aug 04 10:55:03 MST 2017
Description : Deserialize failed
Node        : jormungand
Process     : java <20951>
Thread      : OSPL Kernel Manager 7f91097ac700
Internals   : V6.4.140320OSS/24b1387/24b1387/Type deserialize/sd_serializerXMLTypeinfo.c/3016/0/1501869303.427886756
========================================================================================
Report      : ERROR
Date        : Fri Aug 04 10:55:03 MST 2017
Description : Deserialization remote topic failed: (null) at <unknown>
Node        : jormungand
Process     : java <20951>
Thread      : OSPL Kernel Manager 7f91097ac700
Internals   : V6.4.140320OSS/24b1387/24b1387/v_spliced/v_spliced.c/495/0/1501869303.427918813
========================================================================================
Report      : ERROR
Date        : Fri Aug 04 10:58:03 MST 2017
Description : c_metaBind failed for Struct <v_readerLifecyclePolicy> in scope <kernelModule>.
Node        : jormungand
Process     : java <20951>
Thread      : OSPL Kernel Manager 7f91097ac700
Internals   : V6.4.140320OSS/24b1387/24b1387/sd_deserXmlStructure/sd_serializerXMLTypeinfo.c/2436/0/1501869483.444486953
========================================================================================
Report      : ERROR
Date        : Fri Aug 04 10:58:03 MST 2017
Description : Deserialize failed
Node        : jormungand
Process     : java <20951>
Thread      : OSPL Kernel Manager 7f91097ac700
Internals   : V6.4.140320OSS/24b1387/24b1387/Type deserialize/sd_serializerXMLTypeinfo.c/3016/0/1501869483.444551347
========================================================================================
Report      : ERROR
Date        : Fri Aug 04 10:58:03 MST 2017
Description : Deserialization remote topic failed: (null) at <unknown>
Node        : jormungand
Process     : java <20951>
Thread      : OSPL Kernel Manager 7f91097ac700
Internals   : V6.4.140320OSS/24b1387/24b1387/v_spliced/v_spliced.c/495/0/1501869483.444572788
========================================================================================
Report      : ERROR
Date        : Fri Aug 04 11:01:12 MST 2017
Description : c_metaBind failed for Struct <v_readerLifecyclePolicy> in scope <kernelModule>.
Node        : jormungand
Process     : java <21296>
Thread      : OSPL Kernel Manager 7f0305ab6700
Internals   : V6.4.140320OSS/24b1387/24b1387/sd_deserXmlStructure/sd_serializerXMLTypeinfo.c/2436/0/1501869672.272688711
========================================================================================
Report      : ERROR
Date        : Fri Aug 04 11:01:12 MST 2017
Description : Deserialize failed
Node        : jormungand
Process     : java <21296>
Thread      : OSPL Kernel Manager 7f0305ab6700
Internals   : V6.4.140320OSS/24b1387/24b1387/Type deserialize/sd_serializerXMLTypeinfo.c/3016/0/1501869672.272804159
========================================================================================
Report      : ERROR
Date        : Fri Aug 04 11:01:12 MST 2017
Description : Deserialization remote topic failed: (null) at <unknown>
Node        : jormungand
Process     : java <21296>
Thread      : OSPL Kernel Manager 7f0305ab6700
Internals   : V6.4.140320OSS/24b1387/24b1387/v_spliced/v_spliced.c/495/0/1501869672.272829093
========================================================================================
Report      : ERROR
Date        : Fri Aug 04 11:02:37 MST 2017
Description : c_metaBind failed for Struct <v_readerLifecyclePolicy> in scope <kernelModule>.
Node        : jormungand
Process     : java <21296>
Thread      : OSPL Kernel Manager 7f0305ab6700
Internals   : V6.4.140320OSS/24b1387/24b1387/sd_deserXmlStructure/sd_serializerXMLTypeinfo.c/2436/0/1501869757.635210332
========================================================================================
Report      : ERROR
Date        : Fri Aug 04 11:02:37 MST 2017
Description : Deserialize failed
Node        : jormungand
Process     : java <21296>
Thread      : OSPL Kernel Manager 7f0305ab6700
Internals   : V6.4.140320OSS/24b1387/24b1387/Type deserialize/sd_serializerXMLTypeinfo.c/3016/0/1501869757.635257964
========================================================================================
Report      : ERROR
Date        : Fri Aug 04 11:02:37 MST 2017
Description : Deserialization remote topic failed: (null) at <unknown>
Node        : jormungand
Process     : java <21296>
Thread      : OSPL Kernel Manager 7f0305ab6700
Internals   : V6.4.140320OSS/24b1387/24b1387/v_spliced/v_spliced.c/495/0/1501869757.635277799
========================================================================================
Report      : ERROR
Date        : Fri Aug 04 11:03:07 MST 2017
Description : c_metaBind failed for Struct <v_readerLifecyclePolicy> in scope <kernelModule>.
Node        : jormungand
Process     : java <21296>
Thread      : OSPL Kernel Manager 7f0305ab6700
Internals   : V6.4.140320OSS/24b1387/24b1387/sd_deserXmlStructure/sd_serializerXMLTypeinfo.c/2436/0/1501869787.655823434
========================================================================================
Report      : ERROR
Date        : Fri Aug 04 11:03:07 MST 2017
Description : Deserialize failed
Node        : jormungand
Process     : java <21296>
Thread      : OSPL Kernel Manager 7f0305ab6700
Internals   : V6.4.140320OSS/24b1387/24b1387/Type deserialize/sd_serializerXMLTypeinfo.c/3016/0/1501869787.655894532
========================================================================================
Report      : ERROR
Date        : Fri Aug 04 11:03:07 MST 2017
Description : Deserialization remote topic failed: (null) at <unknown>
Node        : jormungand
Process     : java <21296>
Thread      : OSPL Kernel Manager 7f0305ab6700
Internals   : V6.4.140320OSS/24b1387/24b1387/v_spliced/v_spliced.c/495/0/1501869787.655918139
========================================================================================
Report      : ERROR
Date        : Fri Aug 04 11:53:53 MST 2017
Description : c_metaBind failed for Struct <v_readerLifecyclePolicy> in scope <kernelModule>.
Node        : jormungand
Process     : java <22426>
Thread      : OSPL Kernel Manager 7fdffe732700
Internals   : V6.4.140320OSS/24b1387/24b1387/sd_deserXmlStructure/sd_serializerXMLTypeinfo.c/2436/0/1501872833.723324386
========================================================================================
Report      : ERROR
Date        : Fri Aug 04 11:53:53 MST 2017
Description : Deserialize failed
Node        : jormungand
Process     : java <22426>
Thread      : OSPL Kernel Manager 7fdffe732700
Internals   : V6.4.140320OSS/24b1387/24b1387/Type deserialize/sd_serializerXMLTypeinfo.c/3016/0/1501872833.723370621
========================================================================================
Report      : ERROR
Date        : Fri Aug 04 11:53:53 MST 2017
Description : Deserialization remote topic failed: (null) at <unknown>
Node        : jormungand
Process     : java <22426>
Thread      : OSPL Kernel Manager 7fdffe732700
Internals   : V6.4.140320OSS/24b1387/24b1387/v_spliced/v_spliced.c/495/0/1501872833.723386265
========================================================================================
Report      : ERROR
Date        : Fri Aug 04 11:53:58 MST 2017
Description : c_metaBind failed for Struct <v_readerLifecyclePolicy> in scope <kernelModule>.
Node        : jormungand
Process     : java <22426>
Thread      : OSPL Kernel Manager 7fdffe732700
Internals   : V6.4.140320OSS/24b1387/24b1387/sd_deserXmlStructure/sd_serializerXMLTypeinfo.c/2436/0/1501872838.468893915
========================================================================================
Report      : ERROR
Date        : Fri Aug 04 11:53:58 MST 2017
Description : Deserialize failed
Node        : jormungand
Process     : java <22426>
Thread      : OSPL Kernel Manager 7fdffe732700
Internals   : V6.4.140320OSS/24b1387/24b1387/Type deserialize/sd_serializerXMLTypeinfo.c/3016/0/1501872838.468993509
========================================================================================
Report      : ERROR
Date        : Fri Aug 04 11:53:58 MST 2017
Description : Deserialization remote topic failed: (null) at <unknown>
Node        : jormungand
Process     : java <22426>
Thread      : OSPL Kernel Manager 7fdffe732700
Internals   : V6.4.140320OSS/24b1387/24b1387/v_spliced/v_spliced.c/495/0/1501872838.469016138
========================================================================================
Report      : ERROR
Date        : Fri Aug 04 12:10:47 MST 2017
Description : c_metaBind failed for Struct <v_readerLifecyclePolicy> in scope <kernelModule>.
Node        : jormungand
Process     : java <22947>
Thread      : OSPL Kernel Manager 7f51a1254700
Internals   : V6.4.140320OSS/24b1387/24b1387/sd_deserXmlStructure/sd_serializerXMLTypeinfo.c/2436/0/1501873847.810905142
========================================================================================
Report      : ERROR
Date        : Fri Aug 04 12:10:47 MST 2017
Description : Deserialize failed
Node        : jormungand
Process     : java <22947>
Thread      : OSPL Kernel Manager 7f51a1254700
Internals   : V6.4.140320OSS/24b1387/24b1387/Type deserialize/sd_serializerXMLTypeinfo.c/3016/0/1501873847.810961365
========================================================================================
Report      : ERROR
Date        : Fri Aug 04 12:10:47 MST 2017
Description : Deserialization remote topic failed: (null) at <unknown>
Node        : jormungand
Process     : java <22947>
Thread      : OSPL Kernel Manager 7f51a1254700
Internals   : V6.4.140320OSS/24b1387/24b1387/v_spliced/v_spliced.c/495/0/1501873847.810988463
========================================================================================
Report      : ERROR
Date        : Fri Aug 04 12:10:52 MST 2017
Description : c_metaBind failed for Struct <v_readerLifecyclePolicy> in scope <kernelModule>.
Node        : jormungand
Process     : java <22947>
Thread      : OSPL Kernel Manager 7f51a1254700
Internals   : V6.4.140320OSS/24b1387/24b1387/sd_deserXmlStructure/sd_serializerXMLTypeinfo.c/2436/0/1501873852.518911712
========================================================================================
Report      : ERROR
Date        : Fri Aug 04 12:10:52 MST 2017
Description : Deserialize failed
Node        : jormungand
Process     : java <22947>
Thread      : OSPL Kernel Manager 7f51a1254700
Internals   : V6.4.140320OSS/24b1387/24b1387/Type deserialize/sd_serializerXMLTypeinfo.c/3016/0/1501873852.519011516
========================================================================================
Report      : ERROR
Date        : Fri Aug 04 12:10:52 MST 2017
Description : Deserialization remote topic failed: (null) at <unknown>
Node        : jormungand
Process     : java <22947>
Thread      : OSPL Kernel Manager 7f51a1254700
Internals   : V6.4.140320OSS/24b1387/24b1387/v_spliced/v_spliced.c/495/0/1501873852.519035681
========================================================================================
Report      : ERROR
Date        : Fri Aug 04 13:04:44 MST 2017
Description : c_metaBind failed for Struct <v_readerLifecyclePolicy> in scope <kernelModule>.
Node        : jormungand
Process     : java <24109>
Thread      : OSPL Kernel Manager 7f9a9d427700
Internals   : V6.4.140320OSS/24b1387/24b1387/sd_deserXmlStructure/sd_serializerXMLTypeinfo.c/2436/0/1501877084.685611069
========================================================================================
Report      : ERROR
Date        : Fri Aug 04 13:04:44 MST 2017
Description : Deserialize failed
Node        : jormungand
Process     : java <24109>
Thread      : OSPL Kernel Manager 7f9a9d427700
Internals   : V6.4.140320OSS/24b1387/24b1387/Type deserialize/sd_serializerXMLTypeinfo.c/3016/0/1501877084.685714294
========================================================================================
Report      : ERROR
Date        : Fri Aug 04 13:04:44 MST 2017
Description : Deserialization remote topic failed: (null) at <unknown>
Node        : jormungand
Process     : java <24109>
Thread      : OSPL Kernel Manager 7f9a9d427700
Internals   : V6.4.140320OSS/24b1387/24b1387/v_spliced/v_spliced.c/495/0/1501877084.685739926
========================================================================================
Report      : ERROR
Date        : Fri Aug 04 13:06:27 MST 2017
Description : c_metaBind failed for Struct <v_readerLifecyclePolicy> in scope <kernelModule>.
Node        : jormungand
Process     : java <24257>
Thread      : OSPL Kernel Manager 7ff0dbefe700
Internals   : V6.4.140320OSS/24b1387/24b1387/sd_deserXmlStructure/sd_serializerXMLTypeinfo.c/2436/0/1501877187.203616462
========================================================================================
Report      : ERROR
Date        : Fri Aug 04 13:06:27 MST 2017
Description : Deserialize failed
Node        : jormungand
Process     : java <24257>
Thread      : OSPL Kernel Manager 7ff0dbefe700
Internals   : V6.4.140320OSS/24b1387/24b1387/Type deserialize/sd_serializerXMLTypeinfo.c/3016/0/1501877187.203728697
========================================================================================
Report      : ERROR
Date        : Fri Aug 04 13:06:27 MST 2017
Description : Deserialization remote topic failed: (null) at <unknown>
Node        : jormungand
Process     : java <24257>
Thread      : OSPL Kernel Manager 7ff0dbefe700
Internals   : V6.4.140320OSS/24b1387/24b1387/v_spliced/v_spliced.c/495/0/1501877187.203765713
========================================================================================
Report      : ERROR
Date        : Fri Aug 04 13:09:52 MST 2017
Description : c_metaBind failed for Struct <v_readerLifecyclePolicy> in scope <kernelModule>.
Node        : jormungand
Process     : java <24257>
Thread      : OSPL Kernel Manager 7ff0dbefe700
Internals   : V6.4.140320OSS/24b1387/24b1387/sd_deserXmlStructure/sd_serializerXMLTypeinfo.c/2436/0/1501877392.598592429
========================================================================================
Report      : ERROR
Date        : Fri Aug 04 13:09:52 MST 2017
Description : Deserialize failed
Node        : jormungand
Process     : java <24257>
Thread      : OSPL Kernel Manager 7ff0dbefe700
Internals   : V6.4.140320OSS/24b1387/24b1387/Type deserialize/sd_serializerXMLTypeinfo.c/3016/0/1501877392.598656963
========================================================================================
Report      : ERROR
Date        : Fri Aug 04 13:09:52 MST 2017
Description : Deserialization remote topic failed: (null) at <unknown>
Node        : jormungand
Process     : java <24257>
Thread      : OSPL Kernel Manager 7ff0dbefe700
Internals   : V6.4.140320OSS/24b1387/24b1387/v_spliced/v_spliced.c/495/0/1501877392.598677077
========================================================================================
Report      : ERROR
Date        : Fri Aug 04 13:12:52 MST 2017
Description : c_metaBind failed for Struct <v_readerLifecyclePolicy> in scope <kernelModule>.
Node        : jormungand
Process     : java <24257>
Thread      : OSPL Kernel Manager 7ff0dbefe700
Internals   : V6.4.140320OSS/24b1387/24b1387/sd_deserXmlStructure/sd_serializerXMLTypeinfo.c/2436/0/1501877572.777258348
========================================================================================
Report      : ERROR
Date        : Fri Aug 04 13:12:52 MST 2017
Description : Deserialize failed
Node        : jormungand
Process     : java <24257>
Thread      : OSPL Kernel Manager 7ff0dbefe700
Internals   : V6.4.140320OSS/24b1387/24b1387/Type deserialize/sd_serializerXMLTypeinfo.c/3016/0/1501877572.777311707
========================================================================================
Report      : ERROR
Date        : Fri Aug 04 13:12:52 MST 2017
Description : Deserialization remote topic failed: (null) at <unknown>
Node        : jormungand
Process     : java <24257>
Thread      : OSPL Kernel Manager 7ff0dbefe700
Internals   : V6.4.140320OSS/24b1387/24b1387/v_spliced/v_spliced.c/495/0/1501877572.777332659
========================================================================================
Report      : ERROR
Date        : Fri Aug 04 13:13:42 MST 2017
Description : c_metaBind failed for Struct <v_readerLifecyclePolicy> in scope <kernelModule>.
Node        : jormungand
Process     : java <24540>
Thread      : OSPL Kernel Manager 7f1e3012c700
Internals   : V6.4.140320OSS/24b1387/24b1387/sd_deserXmlStructure/sd_serializerXMLTypeinfo.c/2436/0/1501877622.668722724
========================================================================================
Report      : ERROR
Date        : Fri Aug 04 13:13:42 MST 2017
Description : Deserialize failed
Node        : jormungand
Process     : java <24540>
Thread      : OSPL Kernel Manager 7f1e3012c700
Internals   : V6.4.140320OSS/24b1387/24b1387/Type deserialize/sd_serializerXMLTypeinfo.c/3016/0/1501877622.668831327
========================================================================================
Report      : ERROR
Date        : Fri Aug 04 13:13:42 MST 2017
Description : Deserialization remote topic failed: (null) at <unknown>
Node        : jormungand
Process     : java <24540>
Thread      : OSPL Kernel Manager 7f1e3012c700
Internals   : V6.4.140320OSS/24b1387/24b1387/v_spliced/v_spliced.c/495/0/1501877622.668856051
========================================================================================
Report      : ERROR
Date        : Fri Aug 04 13:17:22 MST 2017
Description : c_metaBind failed for Struct <v_readerLifecyclePolicy> in scope <kernelModule>.
Node        : jormungand
Process     : java <24772>
Thread      : OSPL Kernel Manager 7f5d2c0f5700
Internals   : V6.4.140320OSS/24b1387/24b1387/sd_deserXmlStructure/sd_serializerXMLTypeinfo.c/2436/0/1501877842.382127855
========================================================================================
Report      : ERROR
Date        : Fri Aug 04 13:17:22 MST 2017
Description : Deserialize failed
Node        : jormungand
Process     : java <24772>
Thread      : OSPL Kernel Manager 7f5d2c0f5700
Internals   : V6.4.140320OSS/24b1387/24b1387/Type deserialize/sd_serializerXMLTypeinfo.c/3016/0/1501877842.382226611
========================================================================================
Report      : ERROR
Date        : Fri Aug 04 13:17:22 MST 2017
Description : Deserialization remote topic failed: (null) at <unknown>
Node        : jormungand
Process     : java <24772>
Thread      : OSPL Kernel Manager 7f5d2c0f5700
Internals   : V6.4.140320OSS/24b1387/24b1387/v_spliced/v_spliced.c/495/0/1501877842.382251754
========================================================================================
Report      : ERROR
Date        : Fri Aug 04 13:20:58 MST 2017
Description : c_metaBind failed for Struct <v_readerLifecyclePolicy> in scope <kernelModule>.
Node        : jormungand
Process     : java <25088>
Thread      : OSPL Kernel Manager 7f7d897ac700
Internals   : V6.4.140320OSS/24b1387/24b1387/sd_deserXmlStructure/sd_serializerXMLTypeinfo.c/2436/0/1501878058.433672138
========================================================================================
Report      : ERROR
Date        : Fri Aug 04 13:20:58 MST 2017
Description : Deserialize failed
Node        : jormungand
Process     : java <25088>
Thread      : OSPL Kernel Manager 7f7d897ac700
Internals   : V6.4.140320OSS/24b1387/24b1387/Type deserialize/sd_serializerXMLTypeinfo.c/3016/0/1501878058.433768869
========================================================================================
Report      : ERROR
Date        : Fri Aug 04 13:20:58 MST 2017
Description : Deserialization remote topic failed: (null) at <unknown>
Node        : jormungand
Process     : java <25088>
Thread      : OSPL Kernel Manager 7f7d897ac700
Internals   : V6.4.140320OSS/24b1387/24b1387/v_spliced/v_spliced.c/495/0/1501878058.433793313
========================================================================================
Report      : ERROR
Date        : Fri Aug 04 13:27:11 MST 2017
Description : c_metaBind failed for Struct <v_readerLifecyclePolicy> in scope <kernelModule>.
Node        : jormungand
Process     : java <25503>
Thread      : OSPL Kernel Manager 7efd5d11e700
Internals   : V6.4.140320OSS/24b1387/24b1387/sd_deserXmlStructure/sd_serializerXMLTypeinfo.c/2436/0/1501878431.341350868
========================================================================================
Report      : ERROR
Date        : Fri Aug 04 13:27:11 MST 2017
Description : Deserialize failed
Node        : jormungand
Process     : java <25503>
Thread      : OSPL Kernel Manager 7efd5d11e700
Internals   : V6.4.140320OSS/24b1387/24b1387/Type deserialize/sd_serializerXMLTypeinfo.c/3016/0/1501878431.341411490
========================================================================================
Report      : ERROR
Date        : Fri Aug 04 13:27:11 MST 2017
Description : Deserialization remote topic failed: (null) at <unknown>
Node        : jormungand
Process     : java <25503>
Thread      : OSPL Kernel Manager 7efd5d11e700
Internals   : V6.4.140320OSS/24b1387/24b1387/v_spliced/v_spliced.c/495/0/1501878431.341432652
========================================================================================
Report      : ERROR
Date        : Fri Aug 04 13:39:52 MST 2017
Description : c_metaBind failed for Struct <v_readerLifecyclePolicy> in scope <kernelModule>.
Node        : jormungand
Process     : java <26317>
Thread      : OSPL Kernel Manager 7efd3e1a1700
Internals   : V6.4.140320OSS/24b1387/24b1387/sd_deserXmlStructure/sd_serializerXMLTypeinfo.c/2436/0/1501879192.766037301
========================================================================================
Report      : ERROR
Date        : Fri Aug 04 13:39:52 MST 2017
Description : Deserialize failed
Node        : jormungand
Process     : java <26317>
Thread      : OSPL Kernel Manager 7efd3e1a1700
Internals   : V6.4.140320OSS/24b1387/24b1387/Type deserialize/sd_serializerXMLTypeinfo.c/3016/0/1501879192.766109029
========================================================================================
Report      : ERROR
Date        : Fri Aug 04 13:39:52 MST 2017
Description : Deserialization remote topic failed: (null) at <unknown>
Node        : jormungand
Process     : java <26317>
Thread      : OSPL Kernel Manager 7efd3e1a1700
Internals   : V6.4.140320OSS/24b1387/24b1387/v_spliced/v_spliced.c/495/0/1501879192.766132076
========================================================================================
Report      : ERROR
Date        : Fri Aug 04 13:41:05 MST 2017
Description : c_metaBind failed for Struct <v_readerLifecyclePolicy> in scope <kernelModule>.
Node        : jormungand
Process     : java <26317>
Thread      : OSPL Kernel Manager 7efd3e1a1700
Internals   : V6.4.140320OSS/24b1387/24b1387/sd_deserXmlStructure/sd_serializerXMLTypeinfo.c/2436/0/1501879265.692737511
========================================================================================
Report      : ERROR
Date        : Fri Aug 04 13:41:05 MST 2017
Description : Deserialize failed
Node        : jormungand
Process     : java <26317>
Thread      : OSPL Kernel Manager 7efd3e1a1700
Internals   : V6.4.140320OSS/24b1387/24b1387/Type deserialize/sd_serializerXMLTypeinfo.c/3016/0/1501879265.692802952
========================================================================================
Report      : ERROR
Date        : Fri Aug 04 13:41:05 MST 2017
Description : Deserialization remote topic failed: (null) at <unknown>
Node        : jormungand
Process     : java <26317>
Thread      : OSPL Kernel Manager 7efd3e1a1700
Internals   : V6.4.140320OSS/24b1387/24b1387/v_spliced/v_spliced.c/495/0/1501879265.692822438
========================================================================================
Report      : ERROR
Date        : Fri Aug 04 13:42:11 MST 2017
Description : c_metaBind failed for Struct <v_readerLifecyclePolicy> in scope <kernelModule>.
Node        : jormungand
Process     : java <26557>
Thread      : OSPL Kernel Manager 7f7ac5e89700
Internals   : V6.4.140320OSS/24b1387/24b1387/sd_deserXmlStructure/sd_serializerXMLTypeinfo.c/2436/0/1501879331.421394676
========================================================================================
Report      : ERROR
Date        : Fri Aug 04 13:42:11 MST 2017
Description : Deserialize failed
Node        : jormungand
Process     : java <26557>
Thread      : OSPL Kernel Manager 7f7ac5e89700
Internals   : V6.4.140320OSS/24b1387/24b1387/Type deserialize/sd_serializerXMLTypeinfo.c/3016/0/1501879331.421475343
========================================================================================
Report      : ERROR
Date        : Fri Aug 04 13:42:11 MST 2017
Description : Deserialization remote topic failed: (null) at <unknown>
Node        : jormungand
Process     : java <26557>
Thread      : OSPL Kernel Manager 7f7ac5e89700
Internals   : V6.4.140320OSS/24b1387/24b1387/v_spliced/v_spliced.c/495/0/1501879331.421499927
========================================================================================
Report      : ERROR
Date        : Fri Aug 04 13:43:34 MST 2017
Description : c_metaBind failed for Struct <v_readerLifecyclePolicy> in scope <kernelModule>.
Node        : jormungand
Process     : java <26761>
Thread      : OSPL Kernel Manager 7f0b1f3f0700
Internals   : V6.4.140320OSS/24b1387/24b1387/sd_deserXmlStructure/sd_serializerXMLTypeinfo.c/2436/0/1501879414.707375138
========================================================================================
Report      : ERROR
Date        : Fri Aug 04 13:43:34 MST 2017
Description : Deserialize failed
Node        : jormungand
Process     : java <26761>
Thread      : OSPL Kernel Manager 7f0b1f3f0700
Internals   : V6.4.140320OSS/24b1387/24b1387/Type deserialize/sd_serializerXMLTypeinfo.c/3016/0/1501879414.707430243
========================================================================================
Report      : ERROR
Date        : Fri Aug 04 13:43:34 MST 2017
Description : Deserialization remote topic failed: (null) at <unknown>
Node        : jormungand
Process     : java <26761>
Thread      : OSPL Kernel Manager 7f0b1f3f0700
Internals   : V6.4.140320OSS/24b1387/24b1387/v_spliced/v_spliced.c/495/0/1501879414.707446586
========================================================================================
Report      : ERROR
Date        : Fri Aug 04 13:44:11 MST 2017
Description : c_metaBind failed for Struct <v_readerLifecyclePolicy> in scope <kernelModule>.
Node        : jormungand
Process     : java <26761>
Thread      : OSPL Kernel Manager 7f0b1f3f0700
Internals   : V6.4.140320OSS/24b1387/24b1387/sd_deserXmlStructure/sd_serializerXMLTypeinfo.c/2436/0/1501879451.590601120
========================================================================================
Report      : ERROR
Date        : Fri Aug 04 13:44:11 MST 2017
Description : Deserialize failed
Node        : jormungand
Process     : java <26761>
Thread      : OSPL Kernel Manager 7f0b1f3f0700
Internals   : V6.4.140320OSS/24b1387/24b1387/Type deserialize/sd_serializerXMLTypeinfo.c/3016/0/1501879451.590653013
========================================================================================
Report      : ERROR
Date        : Fri Aug 04 13:44:11 MST 2017
Description : Deserialization remote topic failed: (null) at <unknown>
Node        : jormungand
Process     : java <26761>
Thread      : OSPL Kernel Manager 7f0b1f3f0700
Internals   : V6.4.140320OSS/24b1387/24b1387/v_spliced/v_spliced.c/495/0/1501879451.590673336
========================================================================================
Report      : ERROR
Date        : Fri Aug 04 13:44:43 MST 2017
Description : c_metaBind failed for Struct <v_readerLifecyclePolicy> in scope <kernelModule>.
Node        : jormungand
Process     : java <26761>
Thread      : OSPL Kernel Manager 7f0b1f3f0700
Internals   : V6.4.140320OSS/24b1387/24b1387/sd_deserXmlStructure/sd_serializerXMLTypeinfo.c/2436/0/1501879483.251349815
========================================================================================
Report      : ERROR
Date        : Fri Aug 04 13:44:43 MST 2017
Description : Deserialize failed
Node        : jormungand
Process     : java <26761>
Thread      : OSPL Kernel Manager 7f0b1f3f0700
Internals   : V6.4.140320OSS/24b1387/24b1387/Type deserialize/sd_serializerXMLTypeinfo.c/3016/0/1501879483.251394933
========================================================================================
Report      : ERROR
Date        : Fri Aug 04 13:44:43 MST 2017
Description : Deserialization remote topic failed: (null) at <unknown>
Node        : jormungand
Process     : java <26761>
Thread      : OSPL Kernel Manager 7f0b1f3f0700
Internals   : V6.4.140320OSS/24b1387/24b1387/v_spliced/v_spliced.c/495/0/1501879483.251412743
========================================================================================
Report      : ERROR
Date        : Fri Aug 04 13:44:55 MST 2017
Description : c_metaBind failed for Struct <v_readerLifecyclePolicy> in scope <kernelModule>.
Node        : jormungand
Process     : java <26761>
Thread      : OSPL Kernel Manager 7f0b1f3f0700
Internals   : V6.4.140320OSS/24b1387/24b1387/sd_deserXmlStructure/sd_serializerXMLTypeinfo.c/2436/0/1501879495.481131278
========================================================================================
Report      : ERROR
Date        : Fri Aug 04 13:44:55 MST 2017
Description : Deserialize failed
Node        : jormungand
Process     : java <26761>
Thread      : OSPL Kernel Manager 7f0b1f3f0700
Internals   : V6.4.140320OSS/24b1387/24b1387/Type deserialize/sd_serializerXMLTypeinfo.c/3016/0/1501879495.481182961
========================================================================================
Report      : ERROR
Date        : Fri Aug 04 13:44:55 MST 2017
Description : Deserialization remote topic failed: (null) at <unknown>
Node        : jormungand
Process     : java <26761>
Thread      : OSPL Kernel Manager 7f0b1f3f0700
Internals   : V6.4.140320OSS/24b1387/24b1387/v_spliced/v_spliced.c/495/0/1501879495.481210758
========================================================================================
Report      : ERROR
Date        : Fri Aug 04 13:45:46 MST 2017
Description : c_metaBind failed for Struct <v_readerLifecyclePolicy> in scope <kernelModule>.
Node        : jormungand
Process     : java <26761>
Thread      : OSPL Kernel Manager 7f0b1f3f0700
Internals   : V6.4.140320OSS/24b1387/24b1387/sd_deserXmlStructure/sd_serializerXMLTypeinfo.c/2436/0/1501879546.625923386
========================================================================================
Report      : ERROR
Date        : Fri Aug 04 13:45:46 MST 2017
Description : Deserialize failed
Node        : jormungand
Process     : java <26761>
Thread      : OSPL Kernel Manager 7f0b1f3f0700
Internals   : V6.4.140320OSS/24b1387/24b1387/Type deserialize/sd_serializerXMLTypeinfo.c/3016/0/1501879546.625976885
========================================================================================
Report      : ERROR
Date        : Fri Aug 04 13:45:46 MST 2017
Description : Deserialization remote topic failed: (null) at <unknown>
Node        : jormungand
Process     : java <26761>
Thread      : OSPL Kernel Manager 7f0b1f3f0700
Internals   : V6.4.140320OSS/24b1387/24b1387/v_spliced/v_spliced.c/495/0/1501879546.625996929
========================================================================================
Report      : ERROR
Date        : Fri Aug 04 13:45:58 MST 2017
Description : c_metaBind failed for Struct <v_readerLifecyclePolicy> in scope <kernelModule>.
Node        : jormungand
Process     : java <26761>
Thread      : OSPL Kernel Manager 7f0b1f3f0700
Internals   : V6.4.140320OSS/24b1387/24b1387/sd_deserXmlStructure/sd_serializerXMLTypeinfo.c/2436/0/1501879558.845151520
========================================================================================
Report      : ERROR
Date        : Fri Aug 04 13:45:58 MST 2017
Description : Deserialize failed
Node        : jormungand
Process     : java <26761>
Thread      : OSPL Kernel Manager 7f0b1f3f0700
Internals   : V6.4.140320OSS/24b1387/24b1387/Type deserialize/sd_serializerXMLTypeinfo.c/3016/0/1501879558.845195939
========================================================================================
Report      : ERROR
Date        : Fri Aug 04 13:45:58 MST 2017
Description : Deserialization remote topic failed: (null) at <unknown>
Node        : jormungand
Process     : java <26761>
Thread      : OSPL Kernel Manager 7f0b1f3f0700
Internals   : V6.4.140320OSS/24b1387/24b1387/v_spliced/v_spliced.c/495/0/1501879558.845214866
========================================================================================
Report      : ERROR
Date        : Fri Aug 04 13:46:11 MST 2017
Description : c_metaBind failed for Struct <v_readerLifecyclePolicy> in scope <kernelModule>.
Node        : jormungand
Process     : java <26971>
Thread      : OSPL Kernel Manager 7f512101e700
Internals   : V6.4.140320OSS/24b1387/24b1387/sd_deserXmlStructure/sd_serializerXMLTypeinfo.c/2436/0/1501879571.843211873
========================================================================================
Report      : ERROR
Date        : Fri Aug 04 13:46:11 MST 2017
Description : Deserialize failed
Node        : jormungand
Process     : java <26971>
Thread      : OSPL Kernel Manager 7f512101e700
Internals   : V6.4.140320OSS/24b1387/24b1387/Type deserialize/sd_serializerXMLTypeinfo.c/3016/0/1501879571.843319848
========================================================================================
Report      : ERROR
Date        : Fri Aug 04 13:46:11 MST 2017
Description : Deserialization remote topic failed: (null) at <unknown>
Node        : jormungand
Process     : java <26971>
Thread      : OSPL Kernel Manager 7f512101e700
Internals   : V6.4.140320OSS/24b1387/24b1387/v_spliced/v_spliced.c/495/0/1501879571.843354699
========================================================================================
Report      : ERROR
Date        : Fri Aug 04 13:46:18 MST 2017
Description : c_metaBind failed for Struct <v_readerLifecyclePolicy> in scope <kernelModule>.
Node        : jormungand
Process     : java <26971>
Thread      : OSPL Kernel Manager 7f512101e700
Internals   : V6.4.140320OSS/24b1387/24b1387/sd_deserXmlStructure/sd_serializerXMLTypeinfo.c/2436/0/1501879578.285956947
========================================================================================
Report      : ERROR
Date        : Fri Aug 04 13:46:18 MST 2017
Description : Deserialize failed
Node        : jormungand
Process     : java <26971>
Thread      : OSPL Kernel Manager 7f512101e700
Internals   : V6.4.140320OSS/24b1387/24b1387/Type deserialize/sd_serializerXMLTypeinfo.c/3016/0/1501879578.286067436
========================================================================================
Report      : ERROR
Date        : Fri Aug 04 13:46:18 MST 2017
Description : Deserialization remote topic failed: (null) at <unknown>
Node        : jormungand
Process     : java <26971>
Thread      : OSPL Kernel Manager 7f512101e700
Internals   : V6.4.140320OSS/24b1387/24b1387/v_spliced/v_spliced.c/495/0/1501879578.286091391
========================================================================================
Report      : ERROR
Date        : Fri Aug 04 13:46:18 MST 2017
Description : c_metaBind failed for Struct <v_readerLifecyclePolicy> in scope <kernelModule>.
Node        : jormungand
Process     : java <26761>
Thread      : OSPL Kernel Manager 7f0b1f3f0700
Internals   : V6.4.140320OSS/24b1387/24b1387/sd_deserXmlStructure/sd_serializerXMLTypeinfo.c/2436/0/1501879578.305679480
========================================================================================
Report      : ERROR
Date        : Fri Aug 04 13:46:18 MST 2017
Description : Deserialize failed
Node        : jormungand
Process     : java <26761>
Thread      : OSPL Kernel Manager 7f0b1f3f0700
Internals   : V6.4.140320OSS/24b1387/24b1387/Type deserialize/sd_serializerXMLTypeinfo.c/3016/0/1501879578.305755956
========================================================================================
Report      : ERROR
Date        : Fri Aug 04 13:46:18 MST 2017
Description : Deserialization remote topic failed: (null) at <unknown>
Node        : jormungand
Process     : java <26761>
Thread      : OSPL Kernel Manager 7f0b1f3f0700
Internals   : V6.4.140320OSS/24b1387/24b1387/v_spliced/v_spliced.c/495/0/1501879578.305778794
========================================================================================
Report      : ERROR
Date        : Fri Aug 04 13:46:37 MST 2017
Description : c_metaBind failed for Struct <v_readerLifecyclePolicy> in scope <kernelModule>.
Node        : jormungand
Process     : java <26761>
Thread      : OSPL Kernel Manager 7f0b1f3f0700
Internals   : V6.4.140320OSS/24b1387/24b1387/sd_deserXmlStructure/sd_serializerXMLTypeinfo.c/2436/0/1501879597.629994569
========================================================================================
Report      : ERROR
Date        : Fri Aug 04 13:46:37 MST 2017
Description : Deserialize failed
Node        : jormungand
Process     : java <26761>
Thread      : OSPL Kernel Manager 7f0b1f3f0700
Internals   : V6.4.140320OSS/24b1387/24b1387/Type deserialize/sd_serializerXMLTypeinfo.c/3016/0/1501879597.630069718
========================================================================================
Report      : ERROR
Date        : Fri Aug 04 13:46:37 MST 2017
Description : Deserialization remote topic failed: (null) at <unknown>
Node        : jormungand
Process     : java <26761>
Thread      : OSPL Kernel Manager 7f0b1f3f0700
Internals   : V6.4.140320OSS/24b1387/24b1387/v_spliced/v_spliced.c/495/0/1501879597.630092417
========================================================================================
Report      : ERROR
Date        : Fri Aug 04 13:46:37 MST 2017
Description : c_metaBind failed for Struct <v_readerLifecyclePolicy> in scope <kernelModule>.
Node        : jormungand
Process     : java <26971>
Thread      : OSPL Kernel Manager 7f512101e700
Internals   : V6.4.140320OSS/24b1387/24b1387/sd_deserXmlStructure/sd_serializerXMLTypeinfo.c/2436/0/1501879597.630332741
========================================================================================
Report      : ERROR
Date        : Fri Aug 04 13:46:37 MST 2017
Description : Deserialize failed
Node        : jormungand
Process     : java <26971>
Thread      : OSPL Kernel Manager 7f512101e700
Internals   : V6.4.140320OSS/24b1387/24b1387/Type deserialize/sd_serializerXMLTypeinfo.c/3016/0/1501879597.630396018
========================================================================================
Report      : ERROR
Date        : Fri Aug 04 13:46:37 MST 2017
Description : Deserialization remote topic failed: (null) at <unknown>
Node        : jormungand
Process     : java <26971>
Thread      : OSPL Kernel Manager 7f512101e700
Internals   : V6.4.140320OSS/24b1387/24b1387/v_spliced/v_spliced.c/495/0/1501879597.630417319
========================================================================================
Report      : ERROR
Date        : Fri Aug 04 13:49:40 MST 2017
Description : c_metaBind failed for Struct <v_readerLifecyclePolicy> in scope <kernelModule>.
Node        : jormungand
Process     : java <27257>
Thread      : OSPL Kernel Manager 7f68e39f2700
Internals   : V6.4.140320OSS/24b1387/24b1387/sd_deserXmlStructure/sd_serializerXMLTypeinfo.c/2436/0/1501879780.285090821
========================================================================================
Report      : ERROR
Date        : Fri Aug 04 13:49:40 MST 2017
Description : Deserialize failed
Node        : jormungand
Process     : java <27257>
Thread      : OSPL Kernel Manager 7f68e39f2700
Internals   : V6.4.140320OSS/24b1387/24b1387/Type deserialize/sd_serializerXMLTypeinfo.c/3016/0/1501879780.285189018
========================================================================================
Report      : ERROR
Date        : Fri Aug 04 13:49:40 MST 2017
Description : Deserialization remote topic failed: (null) at <unknown>
Node        : jormungand
Process     : java <27257>
Thread      : OSPL Kernel Manager 7f68e39f2700
Internals   : V6.4.140320OSS/24b1387/24b1387/v_spliced/v_spliced.c/495/0/1501879780.285211577
